# configure exec: ./configure --prefix=/home/f2156/personal/kafka/node_modules/node-rdkafka/build/deps --libdir=/home/f2156/personal/kafka/node_modules/node-rdkafka/build/deps --prefix=/home/f2156/personal/kafka/node_modules/node-rdkafka/build/deps --libdir=/home/f2156/personal/kafka/node_modules/node-rdkafka/build/deps
# On Mon  7 Nov 12:59:08 IST 2022
DBG 506242: Setting distro (distro) status to ok (action ignore)
DBG 506242: ccenv: WITH_CC:  --version failed: mklove/modules/configure.base: line 1824: --version: command not found
DBG 506242: Setting ccenv (ccenv) status to failed (action cont)
DBG 506242: Check ccenv (WITH_CC, action cont (originally cont)) failed: command ' --version' failed:
mklove/modules/configure.base: line 1824: --version: command not found
DBG 506242: Setting gcc (gcc) status to ok (action cont)
DBG 506242: cxxenv: WITH_CXX:  --version failed: mklove/modules/configure.base: line 1824: --version: command not found
DBG 506242: Setting cxxenv (cxxenv) status to failed (action cont)
DBG 506242: Check cxxenv (WITH_CXX, action cont (originally cont)) failed: command ' --version' failed:
mklove/modules/configure.base: line 1824: --version: command not found
DBG 506242: Setting gxx (gxx) status to ok (action cont)
DBG 506242: Setting ld (ld) status to ok (action disable)
DBG 506242: Setting nm (nm) status to ok (action disable)
DBG 506242: Setting objdump (objdump) status to ok (action disable)
DBG 506242: Setting strip (strip) status to ok (action disable)
DBG 506242: libtool: : libtool is not executable: 
DBG 506242: Setting libtool (libtool) status to failed (action disable)
DBG 506242: Check libtool (, action disable (originally disable)) failed: libtool is not executable
DBG 506242: Setting ranlib (ranlib) status to ok (action disable)
DBG 506242: Setting pkgconfig (pkgconfig) status to ok (action cont)
DBG 506242: Setting install (install) status to ok (action cont)
DBG 506242: Setting gnuar (gnuar) status to ok (action disable)
DBG 506242: Compile check PIC (HAVE_PIC) (sub=0): gcc  -g -O2 -Wall -Werror _mkltmpBRiQyT.c -o _mkltmpBRiQyT.c.o  -L/home/f2156/personal/kafka/node_modules/node-rdkafka/build/deps -fPIC 
DBG 506242: Setting PIC (PIC) status to ok (action disable)
DBG 506242: Compile check gnulib (WITH_GNULD) (sub=0): gcc  -g -O2 -fPIC -Wall -Werror _mkltmpr5uq4p.c -o _mkltmpr5uq4p.c.o  -L/home/f2156/personal/kafka/node_modules/node-rdkafka/build/deps -shared -Wl,-soname,mkltest.0 
DBG 506242: Setting gnulib (gnulib) status to ok (action cont)
DBG 506242: Compile check ldsflagvs () (sub=0): gcc  -g -O2 -fPIC -Wall -Werror _mkltmpKgfbWC.c -o _mkltmpKgfbWC.c.o  -L/home/f2156/personal/kafka/node_modules/node-rdkafka/build/deps -shared -Wl,--version-script=_mkltmpj7ITo5 
DBG 506242: Setting ldsflagvs (ldsflagvs) status to ok (action cont)
DBG 506242: Compile check __atomic_32 (HAVE_ATOMICS_32) (sub=0): gcc  -g -O2 -fPIC -Wall -Werror _mkltmpGOeAd0.c -o _mkltmpGOeAd0.c.o  -L/home/f2156/personal/kafka/node_modules/node-rdkafka/build/deps  
DBG 506242: Setting __atomic_32 (__atomic_32) status to ok (action cont)
DBG 506242: Compile check __atomic_64 (HAVE_ATOMICS_64) (sub=0): gcc  -g -O2 -fPIC -Wall -Werror _mkltmpTEEwvz.c -o _mkltmpTEEwvz.c.o  -L/home/f2156/personal/kafka/node_modules/node-rdkafka/build/deps  
DBG 506242: Setting __atomic_64 (__atomic_64) status to ok (action cont)
DBG 506242: Compile check socket () (sub=0): gcc  -g -O2 -fPIC -Wall -Wsign-compare -Wfloat-equal -Wpointer-arith -Wcast-align -Wall -Werror _mkltmpGHJcYb.c -o _mkltmpGHJcYb.c.o  -L/home/f2156/personal/kafka/node_modules/node-rdkafka/build/deps  
DBG 506242: Setting socket (socket) status to ok (action cont)
DBG 506242: Setting parseversion (parseversion) status to ok (action cont)
DBG 506242: pkg-config check librt for CFLAGS (): pkg-config --short-errors --cflags librt
DBG 506242: 'pkg-config --short-errors --cflags librt' failed: No package 'librt' found
DBG 506242: Setting librt_PKGCONFIG (librt_PKGCONFIG) status to failed (action cont)
DBG 506242: Check librt_PKGCONFIG (, action cont (originally cont)) failed: 'pkg-config --short-errors --cflags librt' failed:
No package 'librt' found
DBG 506242: librt: Check for static library (libs -lrt, arfile variable STATIC_LIB_librt=, static filenames )
DBG 506242: Compile check librt () (sub=0): gcc  -g -O2 -fPIC -Wall -Wsign-compare -Wfloat-equal -Wpointer-arith -Wcast-align -Wall -Werror _mkltmp9sf9Qm.c -o _mkltmp9sf9Qm.c.o  -L/home/f2156/personal/kafka/node_modules/node-rdkafka/build/deps -lrt 
DBG 506242: Setting librt (librt) status to ok (action cont)
DBG 506242: librt: from lib_check: LIBS: prepend -lrt
DBG 506242: pkg-config check libpthread for CFLAGS (): pkg-config --short-errors --cflags libpthread
DBG 506242: 'pkg-config --short-errors --cflags libpthread' failed: No package 'libpthread' found
DBG 506242: Setting libpthread_PKGCONFIG (libpthread_PKGCONFIG) status to failed (action cont)
DBG 506242: Check libpthread_PKGCONFIG (, action cont (originally cont)) failed: 'pkg-config --short-errors --cflags libpthread' failed:
No package 'libpthread' found
DBG 506242: libpthread: Check for static library (libs -lpthread, arfile variable STATIC_LIB_libpthread=, static filenames )
DBG 506242: Compile check libpthread () (sub=0): gcc  -g -O2 -fPIC -Wall -Wsign-compare -Wfloat-equal -Wpointer-arith -Wcast-align -Wall -Werror _mkltmpUpK9te.c -o _mkltmpUpK9te.c.o  -L/home/f2156/personal/kafka/node_modules/node-rdkafka/build/deps -lpthread -lrt
DBG 506242: Setting libpthread (libpthread) status to ok (action fail)
DBG 506242: libpthread: from lib_check: LIBS: prepend -lpthread
DBG 506242: pkg-config check c11threads for CFLAGS (WITH_C11THREADS): pkg-config --short-errors --cflags c11threads
DBG 506242: 'pkg-config --short-errors --cflags c11threads' failed: No package 'c11threads' found
DBG 506242: Setting c11threads_PKGCONFIG (c11threads_PKGCONFIG) status to failed (action cont)
DBG 506242: Check c11threads_PKGCONFIG (, action cont (originally cont)) failed: 'pkg-config --short-errors --cflags c11threads' failed:
No package 'c11threads' found
DBG 506242: c11threads: Check for static library (libs -lpthread -lrt, arfile variable STATIC_LIB_c11threads=, static filenames )
DBG 506242: Compile check c11threads (WITH_C11THREADS) (sub=0): gcc  -g -O2 -fPIC -Wall -Wsign-compare -Wfloat-equal -Wpointer-arith -Wcast-align -Wall -Werror _mkltmpHLaynt.c -o _mkltmpHLaynt.c.o  -L/home/f2156/personal/kafka/node_modules/node-rdkafka/build/deps -lpthread -lrt -lpthread -lrt
DBG 506242: Setting c11threads (c11threads) status to ok (action disable)
DBG 506242: c11threads: from lib_check: LIBS: prepend -lpthread -lrt
DBG 506242: pkg-config check libdl for CFLAGS (WITH_LIBDL): pkg-config --short-errors --cflags libdl
DBG 506242: 'pkg-config --short-errors --cflags libdl' failed: No package 'libdl' found
DBG 506242: Setting libdl_PKGCONFIG (libdl_PKGCONFIG) status to failed (action cont)
DBG 506242: Check libdl_PKGCONFIG (, action cont (originally cont)) failed: 'pkg-config --short-errors --cflags libdl' failed:
No package 'libdl' found
DBG 506242: libdl: Check for static library (libs -ldl, arfile variable STATIC_LIB_libdl=, static filenames )
DBG 506242: Compile check libdl (WITH_LIBDL) (sub=0): gcc  -g -O2 -fPIC -Wall -Wsign-compare -Wfloat-equal -Wpointer-arith -Wcast-align -Wall -Werror _mkltmpCx3Gn1.c -o _mkltmpCx3Gn1.c.o  -L/home/f2156/personal/kafka/node_modules/node-rdkafka/build/deps -ldl -lpthread -lrt -lpthread -lrt
DBG 506242: Setting libdl (libdl) status to ok (action disable)
DBG 506242: libdl: from lib_check: LIBS: prepend -ldl
DBG 506242: pkg-config check zlib for CFLAGS (WITH_ZLIB): pkg-config --short-errors --cflags zlib
DBG 506242: pkg-config check zlib for LIBS (WITH_ZLIB): pkg-config --short-errors --libs zlib
DBG 506242: zlib: from pkg-config: CFLAGS '', LIBS '-ldl -lpthread -lrt -lpthread -lrt'
DBG 506242: zlib: performing compile check using pkg-config info
DBG 506242: Compile check zlib (WITH_ZLIB) (sub=1): gcc  -g -O2 -fPIC -Wall -Wsign-compare -Wfloat-equal -Wpointer-arith -Wcast-align -Wall -Werror _mkltmpH6U5Yi.c -o _mkltmpH6U5Yi.c.o  -L/home/f2156/personal/kafka/node_modules/node-rdkafka/build/deps  -lz -ldl -lpthread -lrt -lpthread -lrt
DBG 506242: zlib: Check for static library (libs -lz, arfile variable STATIC_LIB_zlib=, static filenames libz.a)
DBG 506242: zlib: from pkg-config: LIBS: prepend -lz
DBG 506242: Setting zlib (zlib) status to ok (action cont)
DBG 506242: pkg-config check libcrypto for CFLAGS (): pkg-config --short-errors --cflags libcrypto
DBG 506242: pkg-config check libcrypto for LIBS (): pkg-config --short-errors --libs libcrypto
DBG 506242: libcrypto: from pkg-config: CFLAGS '', LIBS '-lz -ldl -lpthread -lrt -lpthread -lrt'
DBG 506242: libcrypto: performing compile check using pkg-config info
DBG 506242: Compile check libcrypto () (sub=1): gcc  -g -O2 -fPIC -Wall -Wsign-compare -Wfloat-equal -Wpointer-arith -Wcast-align -Wall -Werror _mkltmpIazZlJ.c -o _mkltmpIazZlJ.c.o  -L/home/f2156/personal/kafka/node_modules/node-rdkafka/build/deps  -lcrypto -lz -ldl -lpthread -lrt -lpthread -lrt
DBG 506242: libcrypto: Check for static library (libs -lcrypto, arfile variable STATIC_LIB_libcrypto=, static filenames libcrypto.a)
DBG 506242: libcrypto: from pkg-config: LIBS: prepend -lcrypto
DBG 506242: Setting libcrypto (libcrypto) status to ok (action cont)
DBG 506242: pkg-config check libssl for CFLAGS (WITH_SSL): pkg-config --short-errors --cflags libssl
DBG 506242: pkg-config check libssl for LIBS (WITH_SSL): pkg-config --short-errors --libs libssl
DBG 506242: libssl: from pkg-config: CFLAGS '', LIBS '-lcrypto -lz -ldl -lpthread -lrt -lpthread -lrt'
DBG 506242: libssl: performing compile check using pkg-config info
DBG 506242: Compile check libssl (WITH_SSL) (sub=1): gcc  -g -O2 -fPIC -Wall -Wsign-compare -Wfloat-equal -Wpointer-arith -Wcast-align -Wall -Werror _mkltmp9HlXae.c -o _mkltmp9HlXae.c.o  -L/home/f2156/personal/kafka/node_modules/node-rdkafka/build/deps  -lssl -lcrypto -lz -ldl -lpthread -lrt -lpthread -lrt
DBG 506242: libssl: Check for static library (libs -lssl, arfile variable STATIC_LIB_libssl=, static filenames libssl.a)
DBG 506242: libssl: from pkg-config: LIBS: prepend -lssl
DBG 506242: Setting libssl (libssl) status to ok (action cont)
DBG 506242: pkg-config check libsasl2 for CFLAGS (WITH_SASL_CYRUS): pkg-config --short-errors --cflags libsasl2
DBG 506242: 'pkg-config --short-errors --cflags libsasl2' failed: No package 'libsasl2' found
DBG 506242: Setting libsasl2_PKGCONFIG (libsasl2_PKGCONFIG) status to failed (action cont)
DBG 506242: Check libsasl2_PKGCONFIG (, action cont (originally cont)) failed: 'pkg-config --short-errors --cflags libsasl2' failed:
No package 'libsasl2' found
DBG 506242: libsasl2: Check for static library (libs -lsasl2, arfile variable STATIC_LIB_libsasl2=, static filenames )
DBG 506242: Compile check libsasl2 (WITH_SASL_CYRUS) (sub=0): gcc  -g -O2 -fPIC -Wall -Wsign-compare -Wfloat-equal -Wpointer-arith -Wcast-align -Wall -Werror _mkltmp3HeYCj.c -o _mkltmp3HeYCj.c.o  -L/home/f2156/personal/kafka/node_modules/node-rdkafka/build/deps -lsasl2 -lssl -lcrypto -lz -ldl -lpthread -lrt -lpthread -lrt
DBG 506242: compile check for libsasl2 (WITH_SASL_CYRUS) failed: gcc  -g -O2 -fPIC -Wall -Wsign-compare -Wfloat-equal -Wpointer-arith -Wcast-align -Wall -Werror _mkltmp3HeYCj.c -o _mkltmp3HeYCj.c.o  -L/home/f2156/personal/kafka/node_modules/node-rdkafka/build/deps -lsasl2 -lssl -lcrypto -lz -ldl -lpthread -lrt -lpthread -lrt: _mkltmp3HeYCj.c:3:10: fatal error: sasl/sasl.h: No such file or directory
    3 | #include <sasl/sasl.h>
      |          ^~~~~~~~~~~~~
compilation terminated.
DBG 506242: Setting libsasl2 (libsasl2) status to failed (action disable)
DBG 506242: Check libsasl2 (WITH_SASL_CYRUS, action disable (originally disable)) failed: compile check failed:
CC: CC
flags: -lsasl2
gcc  -g -O2 -fPIC -Wall -Wsign-compare -Wfloat-equal -Wpointer-arith -Wcast-align -Wall -Werror _mkltmp3HeYCj.c -o _mkltmp3HeYCj.c.o  -L/home/f2156/personal/kafka/node_modules/node-rdkafka/build/deps -lsasl2 -lssl -lcrypto -lz -ldl -lpthread -lrt -lpthread -lrt:
_mkltmp3HeYCj.c:3:10: fatal error: sasl/sasl.h: No such file or directory
    3 | #include <sasl/sasl.h>
      |          ^~~~~~~~~~~~~
compilation terminated.
source: 
#include <stddef.h>
#include <sasl/sasl.h>

DBG 506242: pkg-config check libsasl for CFLAGS (WITH_SASL_CYRUS): pkg-config --short-errors --cflags libsasl
DBG 506242: 'pkg-config --short-errors --cflags libsasl' failed: No package 'libsasl' found
DBG 506242: Setting libsasl_PKGCONFIG (libsasl_PKGCONFIG) status to failed (action cont)
DBG 506242: Check libsasl_PKGCONFIG (, action cont (originally cont)) failed: 'pkg-config --short-errors --cflags libsasl' failed:
No package 'libsasl' found
DBG 506242: libsasl: Check for static library (libs -lsasl, arfile variable STATIC_LIB_libsasl=, static filenames )
DBG 506242: Compile check libsasl (WITH_SASL_CYRUS) (sub=0): gcc  -g -O2 -fPIC -Wall -Wsign-compare -Wfloat-equal -Wpointer-arith -Wcast-align -Wall -Werror _mkltmpWY0D9I.c -o _mkltmpWY0D9I.c.o  -L/home/f2156/personal/kafka/node_modules/node-rdkafka/build/deps -lsasl -lssl -lcrypto -lz -ldl -lpthread -lrt -lpthread -lrt
DBG 506242: compile check for libsasl (WITH_SASL_CYRUS) failed: gcc  -g -O2 -fPIC -Wall -Wsign-compare -Wfloat-equal -Wpointer-arith -Wcast-align -Wall -Werror _mkltmpWY0D9I.c -o _mkltmpWY0D9I.c.o  -L/home/f2156/personal/kafka/node_modules/node-rdkafka/build/deps -lsasl -lssl -lcrypto -lz -ldl -lpthread -lrt -lpthread -lrt: _mkltmpWY0D9I.c:3:10: fatal error: sasl/sasl.h: No such file or directory
    3 | #include <sasl/sasl.h>
      |          ^~~~~~~~~~~~~
compilation terminated.
DBG 506242: Setting libsasl (libsasl) status to failed (action disable)
DBG 506242: Check libsasl (WITH_SASL_CYRUS, action disable (originally disable)) failed: compile check failed:
CC: CC
flags: -lsasl
gcc  -g -O2 -fPIC -Wall -Wsign-compare -Wfloat-equal -Wpointer-arith -Wcast-align -Wall -Werror _mkltmpWY0D9I.c -o _mkltmpWY0D9I.c.o  -L/home/f2156/personal/kafka/node_modules/node-rdkafka/build/deps -lsasl -lssl -lcrypto -lz -ldl -lpthread -lrt -lpthread -lrt:
_mkltmpWY0D9I.c:3:10: fatal error: sasl/sasl.h: No such file or directory
    3 | #include <sasl/sasl.h>
      |          ^~~~~~~~~~~~~
compilation terminated.
source: 
#include <stddef.h>
#include <sasl/sasl.h>

DBG 506242: pkg-config check libzstd for CFLAGS (WITH_ZSTD): pkg-config --short-errors --cflags libzstd
DBG 506242: 'pkg-config --short-errors --cflags libzstd' failed: No package 'libzstd' found
DBG 506242: Setting libzstd_PKGCONFIG (libzstd_PKGCONFIG) status to failed (action cont)
DBG 506242: Check libzstd_PKGCONFIG (, action cont (originally cont)) failed: 'pkg-config --short-errors --cflags libzstd' failed:
No package 'libzstd' found
DBG 506242: libzstd: Check for static library (libs -lzstd, arfile variable STATIC_LIB_libzstd=, static filenames libzstd.a)
DBG 506242: Compile check libzstd (WITH_ZSTD) (sub=0): gcc  -g -O2 -fPIC -Wall -Wsign-compare -Wfloat-equal -Wpointer-arith -Wcast-align -Wall -Werror _mkltmpuNjqke.c -o _mkltmpuNjqke.c.o  -L/home/f2156/personal/kafka/node_modules/node-rdkafka/build/deps -lzstd -lssl -lcrypto -lz -ldl -lpthread -lrt -lpthread -lrt
DBG 506242: compile check for libzstd (WITH_ZSTD) failed: gcc  -g -O2 -fPIC -Wall -Wsign-compare -Wfloat-equal -Wpointer-arith -Wcast-align -Wall -Werror _mkltmpuNjqke.c -o _mkltmpuNjqke.c.o  -L/home/f2156/personal/kafka/node_modules/node-rdkafka/build/deps -lzstd -lssl -lcrypto -lz -ldl -lpthread -lrt -lpthread -lrt: _mkltmpuNjqke.c:2:10: fatal error: zstd.h: No such file or directory
    2 | #include <zstd.h>
      |          ^~~~~~~~
compilation terminated.
DBG 506242: Setting libzstd (libzstd) status to failed (action disable)
DBG 506242: Check libzstd (WITH_ZSTD, action disable (originally disable)) failed: compile check failed:
CC: CC
flags: -lzstd
gcc  -g -O2 -fPIC -Wall -Wsign-compare -Wfloat-equal -Wpointer-arith -Wcast-align -Wall -Werror _mkltmpuNjqke.c -o _mkltmpuNjqke.c.o  -L/home/f2156/personal/kafka/node_modules/node-rdkafka/build/deps -lzstd -lssl -lcrypto -lz -ldl -lpthread -lrt -lpthread -lrt:
_mkltmpuNjqke.c:2:10: fatal error: zstd.h: No such file or directory
    2 | #include <zstd.h>
      |          ^~~~~~~~
compilation terminated.
source: 
#include <zstd.h>
#include <zstd_errors.h>

void foo (void) {
     ZSTD_getFrameContentSize(NULL, 0);
}

DBG 506242: pkg-config check libcurl for CFLAGS (WITH_CURL): pkg-config --short-errors --cflags libcurl
DBG 506242: 'pkg-config --short-errors --cflags libcurl' failed: No package 'libcurl' found
DBG 506242: Setting libcurl_PKGCONFIG (libcurl_PKGCONFIG) status to failed (action cont)
DBG 506242: Check libcurl_PKGCONFIG (, action cont (originally cont)) failed: 'pkg-config --short-errors --cflags libcurl' failed:
No package 'libcurl' found
DBG 506242: libcurl: Check for static library (libs -lcurl, arfile variable STATIC_LIB_libcurl=, static filenames libcurl.a)
DBG 506242: Compile check libcurl (WITH_CURL) (sub=0): gcc  -g -O2 -fPIC -Wall -Wsign-compare -Wfloat-equal -Wpointer-arith -Wcast-align -Wall -Werror _mkltmpNHfH04.c -o _mkltmpNHfH04.c.o  -L/home/f2156/personal/kafka/node_modules/node-rdkafka/build/deps -lcurl -lssl -lcrypto -lz -ldl -lpthread -lrt -lpthread -lrt
DBG 506242: compile check for libcurl (WITH_CURL) failed: gcc  -g -O2 -fPIC -Wall -Wsign-compare -Wfloat-equal -Wpointer-arith -Wcast-align -Wall -Werror _mkltmpNHfH04.c -o _mkltmpNHfH04.c.o  -L/home/f2156/personal/kafka/node_modules/node-rdkafka/build/deps -lcurl -lssl -lcrypto -lz -ldl -lpthread -lrt -lpthread -lrt: _mkltmpNHfH04.c:2:10: fatal error: curl/curl.h: No such file or directory
    2 | #include <curl/curl.h>
      |          ^~~~~~~~~~~~~
compilation terminated.
DBG 506242: Setting libcurl (libcurl) status to failed (action disable)
DBG 506242: Check libcurl (WITH_CURL, action disable (originally disable)) failed: compile check failed:
CC: CC
flags: -lcurl
gcc  -g -O2 -fPIC -Wall -Wsign-compare -Wfloat-equal -Wpointer-arith -Wcast-align -Wall -Werror _mkltmpNHfH04.c -o _mkltmpNHfH04.c.o  -L/home/f2156/personal/kafka/node_modules/node-rdkafka/build/deps -lcurl -lssl -lcrypto -lz -ldl -lpthread -lrt -lpthread -lrt:
_mkltmpNHfH04.c:2:10: fatal error: curl/curl.h: No such file or directory
    2 | #include <curl/curl.h>
      |          ^~~~~~~~~~~~~
compilation terminated.
source: 
#include <curl/curl.h>

void foo (void) {
     curl_global_init(CURL_GLOBAL_DEFAULT);
}

DBG 506242: pkg-config check libm for CFLAGS (): pkg-config --short-errors --cflags libm
DBG 506242: 'pkg-config --short-errors --cflags libm' failed: No package 'libm' found
DBG 506242: Setting libm_PKGCONFIG (libm_PKGCONFIG) status to failed (action cont)
DBG 506242: Check libm_PKGCONFIG (, action cont (originally cont)) failed: 'pkg-config --short-errors --cflags libm' failed:
No package 'libm' found
DBG 506242: libm: Check for static library (libs -lm, arfile variable STATIC_LIB_libm=, static filenames )
DBG 506242: Compile check libm () (sub=0): gcc  -g -O2 -fPIC -Wall -Wsign-compare -Wfloat-equal -Wpointer-arith -Wcast-align -Wall -Werror _mkltmp29BijL.c -o _mkltmp29BijL.c.o  -L/home/f2156/personal/kafka/node_modules/node-rdkafka/build/deps -lm -lssl -lcrypto -lz -ldl -lpthread -lrt -lpthread -lrt
DBG 506242: Setting libm (libm) status to ok (action disable)
DBG 506242: libm: from lib_check: LIBS: prepend -lm
DBG 506242: pkg-config check liblz4 for CFLAGS (WITH_LZ4_EXT): pkg-config --short-errors --cflags liblz4
DBG 506242: 'pkg-config --short-errors --cflags liblz4' failed: No package 'liblz4' found
DBG 506242: Setting liblz4_PKGCONFIG (liblz4_PKGCONFIG) status to failed (action cont)
DBG 506242: Check liblz4_PKGCONFIG (, action cont (originally cont)) failed: 'pkg-config --short-errors --cflags liblz4' failed:
No package 'liblz4' found
DBG 506242: liblz4: Check for static library (libs -llz4, arfile variable STATIC_LIB_liblz4=, static filenames liblz4.a)
DBG 506242: Compile check liblz4 (WITH_LZ4_EXT) (sub=0): gcc  -g -O2 -fPIC -Wall -Wsign-compare -Wfloat-equal -Wpointer-arith -Wcast-align -Wall -Werror _mkltmpy9VbZx.c -o _mkltmpy9VbZx.c.o  -L/home/f2156/personal/kafka/node_modules/node-rdkafka/build/deps -llz4 -lm -lssl -lcrypto -lz -ldl -lpthread -lrt -lpthread -lrt
DBG 506242: compile check for liblz4 (WITH_LZ4_EXT) failed: gcc  -g -O2 -fPIC -Wall -Wsign-compare -Wfloat-equal -Wpointer-arith -Wcast-align -Wall -Werror _mkltmpy9VbZx.c -o _mkltmpy9VbZx.c.o  -L/home/f2156/personal/kafka/node_modules/node-rdkafka/build/deps -llz4 -lm -lssl -lcrypto -lz -ldl -lpthread -lrt -lpthread -lrt: _mkltmpy9VbZx.c:1:10: fatal error: lz4frame.h: No such file or directory
    1 | #include <lz4frame.h>
      |          ^~~~~~~~~~~~
compilation terminated.
DBG 506242: Setting liblz4 (liblz4) status to failed (action disable)
DBG 506242: Check liblz4 (WITH_LZ4_EXT, action disable (originally disable)) failed: compile check failed:
CC: CC
flags: -llz4
gcc  -g -O2 -fPIC -Wall -Wsign-compare -Wfloat-equal -Wpointer-arith -Wcast-align -Wall -Werror _mkltmpy9VbZx.c -o _mkltmpy9VbZx.c.o  -L/home/f2156/personal/kafka/node_modules/node-rdkafka/build/deps -llz4 -lm -lssl -lcrypto -lz -ldl -lpthread -lrt -lpthread -lrt:
_mkltmpy9VbZx.c:1:10: fatal error: lz4frame.h: No such file or directory
    1 | #include <lz4frame.h>
      |          ^~~~~~~~~~~~
compilation terminated.
source: #include <lz4frame.h>
DBG 506242: Compile check syslog (WITH_SYSLOG) (sub=0): gcc  -g -O2 -fPIC -Wall -Wsign-compare -Wfloat-equal -Wpointer-arith -Wcast-align -Wall -Werror _mkltmpDxryzq.c -o _mkltmpDxryzq.c.o  -L/home/f2156/personal/kafka/node_modules/node-rdkafka/build/deps  -lm -lssl -lcrypto -lz -ldl -lpthread -lrt -lpthread -lrt
DBG 506242: Setting syslog (syslog) status to ok (action disable)
DBG 506242: Compile check rapidjson (WITH_RAPIDJSON) (sub=0): g++  -g -O2 -fPIC -Wall -Wsign-compare -Wfloat-equal -Wpointer-arith -Wcast-align -Wall -Werror _mkltmpWxBLUR.cpp -o _mkltmpWxBLUR.cpp.o  -L/home/f2156/personal/kafka/node_modules/node-rdkafka/build/deps  -lm -lssl -lcrypto -lz -ldl -lpthread -lrt -lpthread -lrt
DBG 506242: compile check for rapidjson (WITH_RAPIDJSON) failed: g++  -g -O2 -fPIC -Wall -Wsign-compare -Wfloat-equal -Wpointer-arith -Wcast-align -Wall -Werror _mkltmpWxBLUR.cpp -o _mkltmpWxBLUR.cpp.o  -L/home/f2156/personal/kafka/node_modules/node-rdkafka/build/deps  -lm -lssl -lcrypto -lz -ldl -lpthread -lrt -lpthread -lrt: _mkltmpWxBLUR.cpp:1:10: fatal error: rapidjson/schema.h: No such file or directory
    1 | #include <rapidjson/schema.h>
      |          ^~~~~~~~~~~~~~~~~~~~
compilation terminated.
DBG 506242: Setting rapidjson (rapidjson) status to failed (action disable)
DBG 506242: Check rapidjson (WITH_RAPIDJSON, action disable (originally disable)) failed: compile check failed:
CC: CXX
flags: 
g++  -g -O2 -fPIC -Wall -Wsign-compare -Wfloat-equal -Wpointer-arith -Wcast-align -Wall -Werror _mkltmpWxBLUR.cpp -o _mkltmpWxBLUR.cpp.o  -L/home/f2156/personal/kafka/node_modules/node-rdkafka/build/deps  -lm -lssl -lcrypto -lz -ldl -lpthread -lrt -lpthread -lrt:
_mkltmpWxBLUR.cpp:1:10: fatal error: rapidjson/schema.h: No such file or directory
    1 | #include <rapidjson/schema.h>
      |          ^~~~~~~~~~~~~~~~~~~~
compilation terminated.
source: #include <rapidjson/schema.h>
DBG 506242: Compile check crc32chw (WITH_CRC32C_HW) (sub=0): gcc  -g -O2 -fPIC -Wall -Wsign-compare -Wfloat-equal -Wpointer-arith -Wcast-align -Wall -Werror _mkltmpMUxO9o.c -o _mkltmpMUxO9o.c.o  -L/home/f2156/personal/kafka/node_modules/node-rdkafka/build/deps  -lm -lssl -lcrypto -lz -ldl -lpthread -lrt -lpthread -lrt
DBG 506242: Setting crc32chw (crc32chw) status to ok (action disable)
DBG 506242: Compile check regex (HAVE_REGEX) (sub=0): gcc  -g -O2 -fPIC -Wall -Wsign-compare -Wfloat-equal -Wpointer-arith -Wcast-align -Wall -Werror _mkltmpqRWTYk.c -o _mkltmpqRWTYk.c.o  -L/home/f2156/personal/kafka/node_modules/node-rdkafka/build/deps  -lm -lssl -lcrypto -lz -ldl -lpthread -lrt -lpthread -lrt
DBG 506242: Setting regex (regex) status to ok (action disable)
DBG 506242: Compile check rand_r (HAVE_RAND_R) (sub=0): gcc  -g -O2 -fPIC -Wall -Wsign-compare -Wfloat-equal -Wpointer-arith -Wcast-align -Wall -Werror _mkltmpAbDkNV.c -o _mkltmpAbDkNV.c.o  -L/home/f2156/personal/kafka/node_modules/node-rdkafka/build/deps  -lm -lssl -lcrypto -lz -ldl -lpthread -lrt -lpthread -lrt
DBG 506242: Setting rand_r (rand_r) status to ok (action disable)
DBG 506242: Compile check strndup (HAVE_STRNDUP) (sub=0): gcc  -g -O2 -fPIC -Wall -Wsign-compare -Wfloat-equal -Wpointer-arith -Wcast-align -Wall -Werror _mkltmpiPkP3n.c -o _mkltmpiPkP3n.c.o  -L/home/f2156/personal/kafka/node_modules/node-rdkafka/build/deps  -lm -lssl -lcrypto -lz -ldl -lpthread -lrt -lpthread -lrt
DBG 506242: Setting strndup (strndup) status to ok (action disable)
DBG 506242: Compile check strlcpy (HAVE_STRLCPY) (sub=0): gcc  -g -O2 -fPIC -Wall -Wsign-compare -Wfloat-equal -Wpointer-arith -Wcast-align -Wall -Werror _mkltmpc2hBep.c -o _mkltmpc2hBep.c.o  -L/home/f2156/personal/kafka/node_modules/node-rdkafka/build/deps  -lm -lssl -lcrypto -lz -ldl -lpthread -lrt -lpthread -lrt
DBG 506242: compile check for strlcpy (HAVE_STRLCPY) failed: gcc  -g -O2 -fPIC -Wall -Wsign-compare -Wfloat-equal -Wpointer-arith -Wcast-align -Wall -Werror _mkltmpc2hBep.c -o _mkltmpc2hBep.c.o  -L/home/f2156/personal/kafka/node_modules/node-rdkafka/build/deps  -lm -lssl -lcrypto -lz -ldl -lpthread -lrt -lpthread -lrt: _mkltmpc2hBep.c: In function ‘foo’:
_mkltmpc2hBep.c:6:11: error: implicit declaration of function ‘strlcpy’; did you mean ‘strncpy’? [-Werror=implicit-function-declaration]
    6 |    return strlcpy(dest, "something", sizeof(dest));
      |           ^~~~~~~
      |           strncpy
cc1: all warnings being treated as errors
DBG 506242: Setting strlcpy (strlcpy) status to failed (action disable)
DBG 506242: Check strlcpy (HAVE_STRLCPY, action disable (originally disable)) failed: compile check failed:
CC: CC
flags: 
gcc  -g -O2 -fPIC -Wall -Wsign-compare -Wfloat-equal -Wpointer-arith -Wcast-align -Wall -Werror _mkltmpc2hBep.c -o _mkltmpc2hBep.c.o  -L/home/f2156/personal/kafka/node_modules/node-rdkafka/build/deps  -lm -lssl -lcrypto -lz -ldl -lpthread -lrt -lpthread -lrt:
_mkltmpc2hBep.c: In function ‘foo’:
_mkltmpc2hBep.c:6:11: error: implicit declaration of function ‘strlcpy’; did you mean ‘strncpy’? [-Werror=implicit-function-declaration]
    6 |    return strlcpy(dest, "something", sizeof(dest));
      |           ^~~~~~~
      |           strncpy
cc1: all warnings being treated as errors
source: 
#define _DARWIN_C_SOURCE
#include <string.h>
int foo (void) {
    char dest[4];
   return strlcpy(dest, "something", sizeof(dest));
}
DBG 506242: Compile check strerror_r (HAVE_STRERROR_R) (sub=0): gcc  -g -O2 -fPIC -Wall -Wsign-compare -Wfloat-equal -Wpointer-arith -Wcast-align -Wall -Werror _mkltmpPOZGIU.c -o _mkltmpPOZGIU.c.o  -L/home/f2156/personal/kafka/node_modules/node-rdkafka/build/deps  -lm -lssl -lcrypto -lz -ldl -lpthread -lrt -lpthread -lrt
DBG 506242: Setting strerror_r (strerror_r) status to ok (action disable)
DBG 506242: Compile check strcasestr (HAVE_STRCASESTR) (sub=0): gcc  -g -O2 -fPIC -Wall -Wsign-compare -Wfloat-equal -Wpointer-arith -Wcast-align -Wall -Werror _mkltmpsXVTpK.c -o _mkltmpsXVTpK.c.o  -L/home/f2156/personal/kafka/node_modules/node-rdkafka/build/deps  -lm -lssl -lcrypto -lz -ldl -lpthread -lrt -lpthread -lrt
DBG 506242: Setting strcasestr (strcasestr) status to ok (action disable)
DBG 506242: Compile check pthread_setname_gnu (HAVE_PTHREAD_SETNAME_GNU) (sub=0): gcc  -g -O2 -fPIC -Wall -Wsign-compare -Wfloat-equal -Wpointer-arith -Wcast-align -Wall -Werror _mkltmpt02T63.c -o _mkltmpt02T63.c.o  -L/home/f2156/personal/kafka/node_modules/node-rdkafka/build/deps -D_GNU_SOURCE -lpthread -lm -lssl -lcrypto -lz -ldl -lpthread -lrt -lpthread -lrt
DBG 506242: Setting pthread_setname_gnu (pthread_setname_gnu) status to ok (action disable)
DBG 506242: Setting nm (nm) status to ok (action cont)
DBG 506242: Setting python3 (python3) status to ok (action disable)
DBG 506242: Compile check getrusage (HAVE_GETRUSAGE) (sub=0): gcc  -g -O2 -fPIC -Wall -Wsign-compare -Wfloat-equal -Wpointer-arith -Wcast-align -Wall -Werror _mkltmpr0vMAZ.c -o _mkltmpr0vMAZ.c.o  -L/home/f2156/personal/kafka/node_modules/node-rdkafka/build/deps  -lm -lssl -lcrypto -lz -ldl -lpthread -lrt -lpthread -lrt
DBG 506242: Setting getrusage (getrusage) status to ok (action disable)
